2015/08/21 16:30:56 INFO ############## - Info: Start Audit.pl the 21.08.2015 16:30:56 - ############## 
2015/08/21 16:30:56 INFO  - Info: checking Script init. 
2015/08/21 16:30:56 INFO  - Info: checking XML hosts file. 
2015/08/21 16:30:56 INFO  - Info: checking port 443 on host www.ubs.com. 
2015/08/21 16:30:57 INFO  - Info: #### connect to host=www.ubs.com, port=443 - OK 
2015/08/21 16:30:57 INFO  - Info: Close connection 
2015/08/21 16:30:57 INFO  - Info: checking hostname www.ubs.com 
2015/08/21 16:30:57 INFO  - Info: Certificate CN: www.ubs.com == Hostname: www.ubs.com 
2015/08/21 16:30:57 INFO  - Info: checking protocol and cipher support 
2015/08/21 16:31:15 INFO  - Info: Compute www.ubs.com protocol and cipher result 
2015/08/21 16:31:15 INFO  - Info: Open connection for getting certificate details. 
2015/08/21 16:31:15 INFO  - Info: dumping subject 
2015/08/21 16:31:15 INFO  - Info: dumping issuer 
2015/08/21 16:31:15 INFO  - Info: dumping alternative names 
2015/08/21 16:31:15 INFO  - Info: dumping hashes/fingerprints 
2015/08/21 16:31:15 INFO  - Info: dumping expiration 
2015/08/21 16:31:15 INFO  - Info: Cheking expiration date 
2015/08/21 16:31:15 INFO  - Info: dumping serial number 
2015/08/21 16:31:15 INFO  - Info: dumping extensions 
2015/08/21 16:31:15 INFO  - Info: dumping CRL distribution points 
2015/08/21 16:31:15 INFO  - Info: checking CRL validity 
2015/08/21 16:31:15 INFO  - Info: dumping extended key usage 
2015/08/21 16:31:15 INFO  - Info: dumping key usage 
2015/08/21 16:31:15 INFO  - Info: dumping netscape cert type 
2015/08/21 16:31:15 INFO  - Info: dumping other info 
2015/08/21 16:31:15 INFO  - Info: dumping pem 
2015/08/21 16:31:15 INFO  - Info: dumping OCSP info 
2015/08/21 16:31:15 INFO  - Info: create OCSP_REQUEST from id(s) 
2015/08/21 16:31:15 INFO  - Info: determine URI of OCSP responder 
2015/08/21 16:31:15 INFO  - Info: Send stringified OCSP_REQUEST with POST to http://EVIntl-ocsp.verisign.com. 
2015/08/21 16:31:16 INFO  - Info: Extract OCSP_RESPONSE. 
2015/08/21 16:31:16 INFO  - Info: Check status of response. 
2015/08/21 16:31:16 INFO  - Info: Extract information from OCSP_RESPONSE for each of the ids. 
2015/08/21 16:31:16 INFO  - Info: Closing connection for getting certificate details. 
2015/08/21 16:31:16 INFO  - Info: Cheking content 
2015/08/21 16:31:16 INFO  - Info: Cheking HTTP Header for server type and HTTPs redirect on HTTP request 
2015/08/21 16:31:17 INFO  - Info: Check if Strict-Transport-Security is implemented 
2015/08/21 16:31:17 INFO ---------------------------------------------------------- 
2015/08/21 16:31:17 INFO  - Info: checking port 443 on host www.postfinance.ch. 
2015/08/21 16:31:17 INFO  - Info: #### connect to host=www.postfinance.ch, port=443 - OK 
2015/08/21 16:31:17 INFO  - Info: Close connection 
2015/08/21 16:31:17 INFO  - Info: checking hostname www.postfinance.ch 
2015/08/21 16:31:17 INFO  - Info: Certificate CN: www.postfinance.ch == Hostname: www.postfinance.ch 
2015/08/21 16:31:17 INFO  - Info: checking protocol and cipher support 
2015/08/21 16:31:34 INFO  - Info: Compute www.postfinance.ch protocol and cipher result 
2015/08/21 16:31:34 INFO  - Info: Open connection for getting certificate details. 
2015/08/21 16:31:35 INFO  - Info: dumping subject 
2015/08/21 16:31:35 INFO  - Info: dumping issuer 
2015/08/21 16:31:35 INFO  - Info: dumping alternative names 
2015/08/21 16:31:35 INFO  - Info: dumping hashes/fingerprints 
2015/08/21 16:31:35 INFO  - Info: dumping expiration 
2015/08/21 16:31:35 INFO  - Info: Cheking expiration date 
2015/08/21 16:31:35 INFO  - Info: dumping serial number 
2015/08/21 16:31:35 INFO  - Info: dumping extensions 
2015/08/21 16:31:35 INFO  - Info: dumping CRL distribution points 
2015/08/21 16:31:35 INFO  - Info: checking CRL validity 
2015/08/21 16:31:35 INFO  - Info: dumping extended key usage 
2015/08/21 16:31:35 INFO  - Info: dumping key usage 
2015/08/21 16:31:35 INFO  - Info: dumping netscape cert type 
2015/08/21 16:31:35 INFO  - Info: dumping other info 
2015/08/21 16:31:35 INFO  - Info: dumping pem 
2015/08/21 16:31:35 INFO  - Info: dumping OCSP info 
2015/08/21 16:31:35 INFO  - Info: create OCSP_REQUEST from id(s) 
2015/08/21 16:31:35 INFO  - Info: determine URI of OCSP responder 
2015/08/21 16:31:35 INFO  - Info: Send stringified OCSP_REQUEST with POST to http://sr.symcd.com. 
2015/08/21 16:31:35 INFO  - Info: Extract OCSP_RESPONSE. 
2015/08/21 16:31:35 INFO  - Info: Check status of response. 
2015/08/21 16:31:35 INFO  - Info: Extract information from OCSP_RESPONSE for each of the ids. 
2015/08/21 16:31:35 INFO  - Info: Closing connection for getting certificate details. 
2015/08/21 16:31:35 INFO  - Info: Cheking content 
2015/08/21 16:31:35 INFO  - Info: Cheking HTTP Header for server type and HTTPs redirect on HTTP request 
2015/08/21 16:31:37 INFO  - Info: Check if Strict-Transport-Security is implemented 
2015/08/21 16:31:37 INFO ---------------------------------------------------------- 
2015/08/21 16:31:37 INFO ############# - Info: End of Audit.pl - Execution time : 41 s ##############

 
2015/08/21 16:32:38 INFO ############## - Info: Start Audit.pl the 21.08.2015 16:32:38 - ############## 
2015/08/21 16:32:38 INFO  - Info: checking Script init. 
2015/08/21 16:32:38 INFO  - Info: checking XML hosts file. 
2015/08/21 16:32:38 INFO  - Info: checking port 443 on host www.ubs.com. 
2015/08/21 16:32:38 INFO  - Info: #### connect to host=www.ubs.com, port=443 - OK 
2015/08/21 16:32:38 INFO  - Info: Close connection 
2015/08/21 16:32:38 INFO  - Info: checking hostname www.ubs.com 
2015/08/21 16:32:39 INFO  - Info: Certificate CN: www.ubs.com == Hostname: www.ubs.com 
2015/08/21 16:32:39 INFO  - Info: checking protocol and cipher support 
2015/08/21 16:32:57 INFO  - Info: Compute www.ubs.com protocol and cipher result 
2015/08/21 16:32:57 INFO  - Info: Open connection for getting certificate details. 
2015/08/21 16:32:57 INFO  - Info: dumping subject 
2015/08/21 16:32:57 INFO  - Info: dumping issuer 
2015/08/21 16:32:57 INFO  - Info: dumping alternative names 
2015/08/21 16:32:57 INFO  - Info: dumping hashes/fingerprints 
2015/08/21 16:32:57 INFO  - Info: dumping expiration 
2015/08/21 16:32:57 INFO  - Info: Cheking expiration date 
2015/08/21 16:32:57 INFO  - Info: dumping serial number 
2015/08/21 16:32:57 INFO  - Info: dumping extensions 
2015/08/21 16:32:57 INFO  - Info: dumping CRL distribution points 
2015/08/21 16:32:57 INFO  - Info: checking CRL validity 
2015/08/21 16:32:57 INFO  - Info: dumping extended key usage 
2015/08/21 16:32:57 INFO  - Info: dumping key usage 
2015/08/21 16:32:57 INFO  - Info: dumping netscape cert type 
2015/08/21 16:32:57 INFO  - Info: dumping other info 
2015/08/21 16:32:57 INFO  - Info: dumping pem 
2015/08/21 16:32:57 INFO  - Info: dumping OCSP info 
2015/08/21 16:32:57 INFO  - Info: create OCSP_REQUEST from id(s) 
2015/08/21 16:32:57 INFO  - Info: determine URI of OCSP responder 
2015/08/21 16:32:57 INFO  - Info: Send stringified OCSP_REQUEST with POST to http://EVIntl-ocsp.verisign.com. 
2015/08/21 16:32:57 INFO  - Info: Extract OCSP_RESPONSE. 
2015/08/21 16:32:57 INFO  - Info: Check status of response. 
2015/08/21 16:32:57 INFO  - Info: Extract information from OCSP_RESPONSE for each of the ids. 
2015/08/21 16:32:57 INFO  - Info: Closing connection for getting certificate details. 
2015/08/21 16:32:57 INFO  - Info: Cheking content 
2015/08/21 16:32:57 INFO  - Info: Cheking HTTP Header for server type and HTTPs redirect on HTTP request 
2015/08/21 16:32:58 INFO  - Info: Check if Strict-Transport-Security is implemented 
2015/08/21 16:32:59 INFO ---------------------------------------------------------- 
2015/08/21 16:32:59 INFO  - Info: checking port 443 on host www.postfinance.ch. 
2015/08/21 16:32:59 INFO  - Info: #### connect to host=www.postfinance.ch, port=443 - OK 
2015/08/21 16:32:59 INFO  - Info: Close connection 
2015/08/21 16:32:59 INFO  - Info: checking hostname www.postfinance.ch 
2015/08/21 16:32:59 INFO  - Info: Certificate CN: www.postfinance.ch == Hostname: www.postfinance.ch 
2015/08/21 16:32:59 INFO  - Info: checking protocol and cipher support 
2015/08/21 16:33:17 INFO  - Info: Compute www.postfinance.ch protocol and cipher result 
2015/08/21 16:33:17 INFO  - Info: Open connection for getting certificate details. 
2015/08/21 16:33:17 INFO  - Info: dumping subject 
2015/08/21 16:33:17 INFO  - Info: dumping issuer 
2015/08/21 16:33:17 INFO  - Info: dumping alternative names 
2015/08/21 16:33:17 INFO  - Info: dumping hashes/fingerprints 
2015/08/21 16:33:17 INFO  - Info: dumping expiration 
2015/08/21 16:33:17 INFO  - Info: Cheking expiration date 
2015/08/21 16:33:17 INFO  - Info: dumping serial number 
2015/08/21 16:33:17 INFO  - Info: dumping extensions 
2015/08/21 16:33:17 INFO  - Info: dumping CRL distribution points 
2015/08/21 16:33:17 INFO  - Info: checking CRL validity 
2015/08/21 16:33:17 INFO  - Info: dumping extended key usage 
2015/08/21 16:33:17 INFO  - Info: dumping key usage 
2015/08/21 16:33:17 INFO  - Info: dumping netscape cert type 
2015/08/21 16:33:17 INFO  - Info: dumping other info 
2015/08/21 16:33:17 INFO  - Info: dumping pem 
2015/08/21 16:33:17 INFO  - Info: dumping OCSP info 
2015/08/21 16:33:17 INFO  - Info: create OCSP_REQUEST from id(s) 
2015/08/21 16:33:17 INFO  - Info: determine URI of OCSP responder 
2015/08/21 16:33:17 INFO  - Info: Send stringified OCSP_REQUEST with POST to http://sr.symcd.com. 
2015/08/21 16:33:17 INFO  - Info: Extract OCSP_RESPONSE. 
2015/08/21 16:33:17 INFO  - Info: Check status of response. 
2015/08/21 16:33:17 INFO  - Info: Extract information from OCSP_RESPONSE for each of the ids. 
2015/08/21 16:33:17 INFO  - Info: Closing connection for getting certificate details. 
2015/08/21 16:33:17 INFO  - Info: Cheking content 
2015/08/21 16:33:17 INFO  - Info: Cheking HTTP Header for server type and HTTPs redirect on HTTP request 
2015/08/21 16:33:19 INFO  - Info: Check if Strict-Transport-Security is implemented 
2015/08/21 16:33:19 INFO ---------------------------------------------------------- 
2015/08/21 16:33:19 INFO ############# - Info: End of Audit.pl - Execution time : 41 s ##############

 
2015/08/21 16:34:16 INFO ############## - Info: Start Audit.pl the 21.08.2015 16:34:16 - ############## 
2015/08/21 16:34:16 INFO  - Info: checking Script init. 
2015/08/21 16:34:16 INFO  - Info: checking XML hosts file. 
2015/08/21 16:34:16 INFO  - Info: checking port 443 on host www.ubs.com. 
2015/08/21 16:34:16 INFO  - Info: #### connect to host=www.ubs.com, port=443 - OK 
2015/08/21 16:34:16 INFO  - Info: Close connection 
2015/08/21 16:34:16 INFO  - Info: checking hostname www.ubs.com 
2015/08/21 16:34:16 INFO  - Info: Certificate CN: www.ubs.com == Hostname: www.ubs.com 
2015/08/21 16:34:16 INFO  - Info: checking protocol and cipher support 
2015/08/21 16:34:34 INFO  - Info: Compute www.ubs.com protocol and cipher result 
2015/08/21 16:34:34 INFO  - Info: Open connection for getting certificate details. 
2015/08/21 16:34:34 INFO  - Info: dumping subject 
2015/08/21 16:34:34 INFO  - Info: dumping issuer 
2015/08/21 16:34:34 INFO  - Info: dumping alternative names 
2015/08/21 16:34:34 INFO  - Info: dumping hashes/fingerprints 
2015/08/21 16:34:34 INFO  - Info: dumping expiration 
2015/08/21 16:34:34 INFO  - Info: Cheking expiration date 
2015/08/21 16:34:34 INFO  - Info: dumping serial number 
2015/08/21 16:34:34 INFO  - Info: dumping extensions 
2015/08/21 16:34:34 INFO  - Info: dumping CRL distribution points 
2015/08/21 16:34:34 INFO  - Info: checking CRL validity 
2015/08/21 16:34:34 INFO  - Info: dumping extended key usage 
2015/08/21 16:34:34 INFO  - Info: dumping key usage 
2015/08/21 16:34:34 INFO  - Info: dumping netscape cert type 
2015/08/21 16:34:34 INFO  - Info: dumping other info 
2015/08/21 16:34:34 INFO  - Info: dumping pem 
2015/08/21 16:34:34 INFO  - Info: dumping OCSP info 
2015/08/21 16:34:34 INFO  - Info: create OCSP_REQUEST from id(s) 
2015/08/21 16:34:34 INFO  - Info: determine URI of OCSP responder 
2015/08/21 16:34:34 INFO  - Info: Send stringified OCSP_REQUEST with POST to http://EVIntl-ocsp.verisign.com. 
2015/08/21 16:34:34 INFO  - Info: Extract OCSP_RESPONSE. 
2015/08/21 16:34:34 INFO  - Info: Check status of response. 
2015/08/21 16:34:34 INFO  - Info: Extract information from OCSP_RESPONSE for each of the ids. 
2015/08/21 16:34:34 INFO  - Info: Closing connection for getting certificate details. 
2015/08/21 16:34:34 INFO  - Info: Cheking content 
2015/08/21 16:34:34 INFO  - Info: Cheking HTTP Header for server type and HTTPs redirect on HTTP request 
2015/08/21 16:34:35 INFO  - Info: Check if Strict-Transport-Security is implemented 
2015/08/21 16:34:35 INFO ---------------------------------------------------------- 
2015/08/21 16:34:35 INFO  - Info: checking port 443 on host www.postfinance.ch. 
2015/08/21 16:34:35 INFO  - Info: #### connect to host=www.postfinance.ch, port=443 - OK 
2015/08/21 16:34:35 INFO  - Info: Close connection 
2015/08/21 16:34:35 INFO  - Info: checking hostname www.postfinance.ch 
2015/08/21 16:34:36 INFO  - Info: Certificate CN: www.postfinance.ch == Hostname: www.postfinance.ch 
2015/08/21 16:34:36 INFO  - Info: checking protocol and cipher support 
2015/08/21 16:34:54 INFO  - Info: Compute www.postfinance.ch protocol and cipher result 
2015/08/21 16:34:54 INFO  - Info: Open connection for getting certificate details. 
2015/08/21 16:34:54 INFO  - Info: dumping subject 
2015/08/21 16:34:54 INFO  - Info: dumping issuer 
2015/08/21 16:34:54 INFO  - Info: dumping alternative names 
2015/08/21 16:34:54 INFO  - Info: dumping hashes/fingerprints 
2015/08/21 16:34:54 INFO  - Info: dumping expiration 
2015/08/21 16:34:54 INFO  - Info: Cheking expiration date 
2015/08/21 16:34:54 INFO  - Info: dumping serial number 
2015/08/21 16:34:54 INFO  - Info: dumping extensions 
2015/08/21 16:34:54 INFO  - Info: dumping CRL distribution points 
2015/08/21 16:34:54 INFO  - Info: checking CRL validity 
2015/08/21 16:34:54 INFO  - Info: dumping extended key usage 
2015/08/21 16:34:54 INFO  - Info: dumping key usage 
2015/08/21 16:34:54 INFO  - Info: dumping netscape cert type 
2015/08/21 16:34:54 INFO  - Info: dumping other info 
2015/08/21 16:34:54 INFO  - Info: dumping pem 
2015/08/21 16:34:54 INFO  - Info: dumping OCSP info 
2015/08/21 16:34:54 INFO  - Info: create OCSP_REQUEST from id(s) 
2015/08/21 16:34:54 INFO  - Info: determine URI of OCSP responder 
2015/08/21 16:34:54 INFO  - Info: Send stringified OCSP_REQUEST with POST to http://sr.symcd.com. 
2015/08/21 16:34:54 INFO  - Info: Extract OCSP_RESPONSE. 
2015/08/21 16:34:54 INFO  - Info: Check status of response. 
2015/08/21 16:34:54 INFO  - Info: Extract information from OCSP_RESPONSE for each of the ids. 
2015/08/21 16:34:54 INFO  - Info: Closing connection for getting certificate details. 
2015/08/21 16:34:54 INFO  - Info: Cheking content 
2015/08/21 16:34:54 INFO  - Info: Cheking HTTP Header for server type and HTTPs redirect on HTTP request 
2015/08/21 16:34:57 INFO  - Info: Check if Strict-Transport-Security is implemented 
2015/08/21 16:34:57 INFO ---------------------------------------------------------- 
2015/08/21 16:34:57 INFO ############# - Info: End of Audit.pl - Execution time : 41 s ##############

 
2015/08/21 16:35:32 INFO ############## - Info: Start Audit.pl the 21.08.2015 16:35:32 - ############## 
2015/08/21 16:35:32 INFO  - Info: checking Script init. 
2015/08/21 16:35:32 INFO  - Info: checking XML hosts file. 
2015/08/21 16:35:32 INFO  - Info: checking port 443 on host www.ubs.com. 
2015/08/21 16:35:32 INFO  - Info: #### connect to host=www.ubs.com, port=443 - OK 
2015/08/21 16:35:32 INFO  - Info: Close connection 
2015/08/21 16:35:32 INFO  - Info: checking hostname www.ubs.com 
2015/08/21 16:35:32 INFO  - Info: Certificate CN: www.ubs.com == Hostname: www.ubs.com 
2015/08/21 16:35:32 INFO  - Info: checking protocol and cipher support 
2015/08/21 16:35:55 INFO  - Info: Compute www.ubs.com protocol and cipher result 
2015/08/21 16:35:55 INFO  - Info: Open connection for getting certificate details. 
2015/08/21 16:35:56 INFO  - Info: dumping subject 
2015/08/21 16:35:56 INFO  - Info: dumping issuer 
2015/08/21 16:35:56 INFO  - Info: dumping alternative names 
2015/08/21 16:35:56 INFO  - Info: dumping hashes/fingerprints 
2015/08/21 16:35:56 INFO  - Info: dumping expiration 
2015/08/21 16:35:56 INFO  - Info: Cheking expiration date 
2015/08/21 16:35:56 INFO  - Info: dumping serial number 
2015/08/21 16:35:56 INFO  - Info: dumping extensions 
2015/08/21 16:35:56 INFO  - Info: dumping CRL distribution points 
2015/08/21 16:35:56 INFO  - Info: checking CRL validity 
2015/08/21 16:35:56 INFO  - Info: dumping extended key usage 
2015/08/21 16:35:56 INFO  - Info: dumping key usage 
2015/08/21 16:35:56 INFO  - Info: dumping netscape cert type 
2015/08/21 16:35:56 INFO  - Info: dumping other info 
2015/08/21 16:35:56 INFO  - Info: dumping pem 
2015/08/21 16:35:56 INFO  - Info: dumping OCSP info 
2015/08/21 16:35:56 INFO  - Info: create OCSP_REQUEST from id(s) 
2015/08/21 16:35:56 INFO  - Info: determine URI of OCSP responder 
2015/08/21 16:35:56 INFO  - Info: Send stringified OCSP_REQUEST with POST to http://EVIntl-ocsp.verisign.com. 
2015/08/21 16:35:56 INFO  - Info: Extract OCSP_RESPONSE. 
2015/08/21 16:35:56 INFO  - Info: Check status of response. 
2015/08/21 16:35:56 INFO  - Info: Extract information from OCSP_RESPONSE for each of the ids. 
2015/08/21 16:35:56 INFO  - Info: Closing connection for getting certificate details. 
2015/08/21 16:35:56 INFO  - Info: Cheking content 
2015/08/21 16:35:56 INFO  - Info: Cheking HTTP Header for server type and HTTPs redirect on HTTP request 
2015/08/21 16:35:57 INFO  - Info: Check if Strict-Transport-Security is implemented 
2015/08/21 16:35:57 INFO ---------------------------------------------------------- 
2015/08/21 16:35:57 INFO  - Info: checking port 443 on host www.postfinance.ch. 
2015/08/21 16:35:57 INFO  - Info: #### connect to host=www.postfinance.ch, port=443 - OK 
2015/08/21 16:35:57 INFO  - Info: Close connection 
2015/08/21 16:35:57 INFO  - Info: checking hostname www.postfinance.ch 
2015/08/21 16:35:57 INFO  - Info: Certificate CN: www.postfinance.ch == Hostname: www.postfinance.ch 
2015/08/21 16:35:57 INFO  - Info: checking protocol and cipher support 
2015/08/21 16:36:14 INFO  - Info: Compute www.postfinance.ch protocol and cipher result 
2015/08/21 16:36:14 INFO  - Info: Open connection for getting certificate details. 
2015/08/21 16:36:15 INFO  - Info: dumping subject 
2015/08/21 16:36:15 INFO  - Info: dumping issuer 
2015/08/21 16:36:15 INFO  - Info: dumping alternative names 
2015/08/21 16:36:15 INFO  - Info: dumping hashes/fingerprints 
2015/08/21 16:36:15 INFO  - Info: dumping expiration 
2015/08/21 16:36:15 INFO  - Info: Cheking expiration date 
2015/08/21 16:36:15 INFO  - Info: dumping serial number 
2015/08/21 16:36:15 INFO  - Info: dumping extensions 
2015/08/21 16:36:15 INFO  - Info: dumping CRL distribution points 
2015/08/21 16:36:15 INFO  - Info: checking CRL validity 
2015/08/21 16:36:15 INFO  - Info: dumping extended key usage 
2015/08/21 16:36:15 INFO  - Info: dumping key usage 
2015/08/21 16:36:15 INFO  - Info: dumping netscape cert type 
2015/08/21 16:36:15 INFO  - Info: dumping other info 
2015/08/21 16:36:15 INFO  - Info: dumping pem 
2015/08/21 16:36:15 INFO  - Info: dumping OCSP info 
2015/08/21 16:36:15 INFO  - Info: create OCSP_REQUEST from id(s) 
2015/08/21 16:36:15 INFO  - Info: determine URI of OCSP responder 
2015/08/21 16:36:15 INFO  - Info: Send stringified OCSP_REQUEST with POST to http://sr.symcd.com. 
2015/08/21 16:36:15 INFO  - Info: Extract OCSP_RESPONSE. 
2015/08/21 16:36:15 INFO  - Info: Check status of response. 
2015/08/21 16:36:15 INFO  - Info: Extract information from OCSP_RESPONSE for each of the ids. 
2015/08/21 16:36:15 INFO  - Info: Closing connection for getting certificate details. 
2015/08/21 16:36:15 INFO  - Info: Cheking content 
2015/08/21 16:36:15 INFO  - Info: Cheking HTTP Header for server type and HTTPs redirect on HTTP request 
2015/08/21 16:36:16 INFO  - Info: Check if Strict-Transport-Security is implemented 
2015/08/21 16:36:16 INFO ---------------------------------------------------------- 
2015/08/21 16:36:16 INFO ############# - Info: End of Audit.pl - Execution time : 44 s ##############

 
2015/08/21 16:36:45 INFO ############## - Info: Start Audit.pl the 21.08.2015 16:36:45 - ############## 
2015/08/21 16:36:45 INFO  - Info: checking Script init. 
2015/08/21 16:36:45 INFO  - Info: checking XML hosts file. 
2015/08/21 16:36:45 INFO  - Info: checking port 443 on host www.ubs.com. 
2015/08/21 16:36:45 INFO  - Info: #### connect to host=www.ubs.com, port=443 - OK 
2015/08/21 16:36:45 INFO  - Info: Close connection 
2015/08/21 16:36:45 INFO  - Info: checking hostname www.ubs.com 
2015/08/21 16:36:45 INFO  - Info: Certificate CN: www.ubs.com == Hostname: www.ubs.com 
2015/08/21 16:36:45 INFO  - Info: checking protocol and cipher support 
2015/08/21 16:37:04 INFO  - Info: Compute www.ubs.com protocol and cipher result 
2015/08/21 16:37:04 INFO  - Info: Open connection for getting certificate details. 
2015/08/21 16:37:04 INFO  - Info: dumping subject 
2015/08/21 16:37:04 INFO  - Info: dumping issuer 
2015/08/21 16:37:04 INFO  - Info: dumping alternative names 
2015/08/21 16:37:04 INFO  - Info: dumping hashes/fingerprints 
2015/08/21 16:37:04 INFO  - Info: dumping expiration 
2015/08/21 16:37:04 INFO  - Info: Cheking expiration date 
2015/08/21 16:37:04 INFO  - Info: dumping serial number 
2015/08/21 16:37:04 INFO  - Info: dumping extensions 
2015/08/21 16:37:04 INFO  - Info: dumping CRL distribution points 
2015/08/21 16:37:04 INFO  - Info: checking CRL validity 
2015/08/21 16:37:04 INFO  - Info: dumping extended key usage 
2015/08/21 16:37:04 INFO  - Info: dumping key usage 
2015/08/21 16:37:04 INFO  - Info: dumping netscape cert type 
2015/08/21 16:37:04 INFO  - Info: dumping other info 
2015/08/21 16:37:04 INFO  - Info: dumping pem 
2015/08/21 16:37:04 INFO  - Info: dumping OCSP info 
2015/08/21 16:37:04 INFO  - Info: create OCSP_REQUEST from id(s) 
2015/08/21 16:37:04 INFO  - Info: determine URI of OCSP responder 
2015/08/21 16:37:04 INFO  - Info: Send stringified OCSP_REQUEST with POST to http://EVIntl-ocsp.verisign.com. 
2015/08/21 16:37:04 INFO  - Info: Extract OCSP_RESPONSE. 
2015/08/21 16:37:04 INFO  - Info: Check status of response. 
2015/08/21 16:37:04 INFO  - Info: Extract information from OCSP_RESPONSE for each of the ids. 
2015/08/21 16:37:04 INFO  - Info: Closing connection for getting certificate details. 
2015/08/21 16:37:04 INFO  - Info: Cheking content 
2015/08/21 16:37:04 INFO  - Info: Cheking HTTP Header for server type and HTTPs redirect on HTTP request 
2015/08/21 16:37:05 INFO  - Info: Check if Strict-Transport-Security is implemented 
2015/08/21 16:37:05 INFO ---------------------------------------------------------- 
2015/08/21 16:37:05 INFO  - Info: checking port 443 on host www.postfinance.ch. 
2015/08/21 16:37:05 INFO  - Info: #### connect to host=www.postfinance.ch, port=443 - OK 
2015/08/21 16:37:05 INFO  - Info: Close connection 
2015/08/21 16:37:05 INFO  - Info: checking hostname www.postfinance.ch 
2015/08/21 16:37:06 INFO  - Info: Certificate CN: www.postfinance.ch == Hostname: www.postfinance.ch 
2015/08/21 16:37:06 INFO  - Info: checking protocol and cipher support 
2015/08/21 16:37:23 INFO  - Info: Compute www.postfinance.ch protocol and cipher result 
2015/08/21 16:37:23 INFO  - Info: Open connection for getting certificate details. 
2015/08/21 16:37:23 INFO  - Info: dumping subject 
2015/08/21 16:37:23 INFO  - Info: dumping issuer 
2015/08/21 16:37:23 INFO  - Info: dumping alternative names 
2015/08/21 16:37:23 INFO  - Info: dumping hashes/fingerprints 
2015/08/21 16:37:23 INFO  - Info: dumping expiration 
2015/08/21 16:37:23 INFO  - Info: Cheking expiration date 
2015/08/21 16:37:23 INFO  - Info: dumping serial number 
2015/08/21 16:37:23 INFO  - Info: dumping extensions 
2015/08/21 16:37:23 INFO  - Info: dumping CRL distribution points 
2015/08/21 16:37:23 INFO  - Info: checking CRL validity 
2015/08/21 16:37:23 INFO  - Info: dumping extended key usage 
2015/08/21 16:37:23 INFO  - Info: dumping key usage 
2015/08/21 16:37:23 INFO  - Info: dumping netscape cert type 
2015/08/21 16:37:23 INFO  - Info: dumping other info 
2015/08/21 16:37:23 INFO  - Info: dumping pem 
2015/08/21 16:37:23 INFO  - Info: dumping OCSP info 
2015/08/21 16:37:23 INFO  - Info: create OCSP_REQUEST from id(s) 
2015/08/21 16:37:23 INFO  - Info: determine URI of OCSP responder 
2015/08/21 16:37:23 INFO  - Info: Send stringified OCSP_REQUEST with POST to http://sr.symcd.com. 
2015/08/21 16:37:24 INFO  - Info: Extract OCSP_RESPONSE. 
2015/08/21 16:37:24 INFO  - Info: Check status of response. 
2015/08/21 16:37:24 INFO  - Info: Extract information from OCSP_RESPONSE for each of the ids. 
2015/08/21 16:37:24 INFO  - Info: Closing connection for getting certificate details. 
2015/08/21 16:37:24 INFO  - Info: Cheking content 
2015/08/21 16:37:24 INFO  - Info: Cheking HTTP Header for server type and HTTPs redirect on HTTP request 
2015/08/21 16:37:25 INFO  - Info: Check if Strict-Transport-Security is implemented 
2015/08/21 16:37:25 INFO ---------------------------------------------------------- 
2015/08/21 16:37:25 INFO ############# - Info: End of Audit.pl - Execution time : 40 s ##############

 
2015/08/21 16:38:10 INFO ############## - Info: Start Audit.pl the 21.08.2015 16:38:10 - ############## 
2015/08/21 16:38:10 INFO  - Info: checking Script init. 
2015/08/21 16:38:10 INFO  - Info: checking XML hosts file. 
2015/08/21 16:38:10 INFO  - Info: checking port 443 on host www.ubs.com. 
2015/08/21 16:38:11 INFO  - Info: #### connect to host=www.ubs.com, port=443 - OK 
2015/08/21 16:38:11 INFO  - Info: Close connection 
2015/08/21 16:38:11 INFO  - Info: checking hostname www.ubs.com 
2015/08/21 16:38:11 INFO  - Info: Certificate CN: www.ubs.com == Hostname: www.ubs.com 
2015/08/21 16:38:11 INFO  - Info: checking protocol and cipher support 
2015/08/21 16:38:29 INFO  - Info: Compute www.ubs.com protocol and cipher result 
2015/08/21 16:38:29 INFO  - Info: Open connection for getting certificate details. 
2015/08/21 16:38:29 INFO  - Info: dumping subject 
2015/08/21 16:38:29 INFO  - Info: dumping issuer 
2015/08/21 16:38:29 INFO  - Info: dumping alternative names 
2015/08/21 16:38:29 INFO  - Info: dumping hashes/fingerprints 
2015/08/21 16:38:29 INFO  - Info: dumping expiration 
2015/08/21 16:38:29 INFO  - Info: Cheking expiration date 
2015/08/21 16:38:29 INFO  - Info: dumping serial number 
2015/08/21 16:38:29 INFO  - Info: dumping extensions 
2015/08/21 16:38:29 INFO  - Info: dumping CRL distribution points 
2015/08/21 16:38:29 INFO  - Info: checking CRL validity 
2015/08/21 16:38:29 INFO  - Info: dumping extended key usage 
2015/08/21 16:38:29 INFO  - Info: dumping key usage 
2015/08/21 16:38:29 INFO  - Info: dumping netscape cert type 
2015/08/21 16:38:29 INFO  - Info: dumping other info 
2015/08/21 16:38:29 INFO  - Info: dumping pem 
2015/08/21 16:38:29 INFO  - Info: dumping OCSP info 
2015/08/21 16:38:29 INFO  - Info: create OCSP_REQUEST from id(s) 
2015/08/21 16:38:29 INFO  - Info: determine URI of OCSP responder 
2015/08/21 16:38:29 INFO  - Info: Send stringified OCSP_REQUEST with POST to http://EVIntl-ocsp.verisign.com. 
2015/08/21 16:38:30 INFO  - Info: Extract OCSP_RESPONSE. 
2015/08/21 16:38:30 INFO  - Info: Check status of response. 
2015/08/21 16:38:30 INFO  - Info: Extract information from OCSP_RESPONSE for each of the ids. 
2015/08/21 16:38:30 INFO  - Info: Closing connection for getting certificate details. 
2015/08/21 16:38:30 INFO  - Info: Cheking content 
2015/08/21 16:38:30 INFO  - Info: Cheking HTTP Header for server type and HTTPs redirect on HTTP request 
2015/08/21 16:38:31 INFO  - Info: Check if Strict-Transport-Security is implemented 
2015/08/21 16:38:31 INFO ---------------------------------------------------------- 
2015/08/21 16:38:31 INFO  - Info: checking port 443 on host www.postfinance.ch. 
2015/08/21 16:38:31 INFO  - Info: #### connect to host=www.postfinance.ch, port=443 - OK 
2015/08/21 16:38:31 INFO  - Info: Close connection 
2015/08/21 16:38:31 INFO  - Info: checking hostname www.postfinance.ch 
2015/08/21 16:38:31 INFO  - Info: Certificate CN: www.postfinance.ch == Hostname: www.postfinance.ch 
2015/08/21 16:38:31 INFO  - Info: checking protocol and cipher support 
2015/08/21 16:38:49 INFO  - Info: Compute www.postfinance.ch protocol and cipher result 
2015/08/21 16:38:49 INFO  - Info: Open connection for getting certificate details. 
2015/08/21 16:38:49 INFO  - Info: dumping subject 
2015/08/21 16:38:49 INFO  - Info: dumping issuer 
2015/08/21 16:38:49 INFO  - Info: dumping alternative names 
2015/08/21 16:38:49 INFO  - Info: dumping hashes/fingerprints 
2015/08/21 16:38:49 INFO  - Info: dumping expiration 
2015/08/21 16:38:49 INFO  - Info: Cheking expiration date 
2015/08/21 16:38:49 INFO  - Info: dumping serial number 
2015/08/21 16:38:49 INFO  - Info: dumping extensions 
2015/08/21 16:38:49 INFO  - Info: dumping CRL distribution points 
2015/08/21 16:38:49 INFO  - Info: checking CRL validity 
2015/08/21 16:38:49 INFO  - Info: dumping extended key usage 
2015/08/21 16:38:49 INFO  - Info: dumping key usage 
2015/08/21 16:38:49 INFO  - Info: dumping netscape cert type 
2015/08/21 16:38:49 INFO  - Info: dumping other info 
2015/08/21 16:38:49 INFO  - Info: dumping pem 
2015/08/21 16:38:49 INFO  - Info: dumping OCSP info 
2015/08/21 16:38:49 INFO  - Info: create OCSP_REQUEST from id(s) 
2015/08/21 16:38:49 INFO  - Info: determine URI of OCSP responder 
2015/08/21 16:38:49 INFO  - Info: Send stringified OCSP_REQUEST with POST to http://sr.symcd.com. 
2015/08/21 16:38:49 INFO  - Info: Extract OCSP_RESPONSE. 
2015/08/21 16:38:49 INFO  - Info: Check status of response. 
2015/08/21 16:38:49 INFO  - Info: Extract information from OCSP_RESPONSE for each of the ids. 
2015/08/21 16:38:49 INFO  - Info: Closing connection for getting certificate details. 
2015/08/21 16:38:49 INFO  - Info: Cheking content 
2015/08/21 16:38:49 INFO  - Info: Cheking HTTP Header for server type and HTTPs redirect on HTTP request 
2015/08/21 16:38:51 INFO  - Info: Check if Strict-Transport-Security is implemented 
2015/08/21 16:38:51 INFO ---------------------------------------------------------- 
2015/08/21 16:38:51 INFO ############# - Info: End of Audit.pl - Execution time : 41 s ##############

 
2015/08/21 16:40:28 INFO ############## - Info: Start Audit.pl the 21.08.2015 16:40:28 - ############## 
2015/08/21 16:40:28 INFO  - Info: checking Script init. 
2015/08/21 16:40:28 INFO  - Info: checking XML hosts file. 
2015/08/21 16:40:28 INFO  - Info: checking port 443 on host www.ubs.com. 
2015/08/21 16:40:28 INFO  - Info: #### connect to host=www.ubs.com, port=443 - OK 
2015/08/21 16:40:28 INFO  - Info: Close connection 
2015/08/21 16:40:28 INFO  - Info: checking hostname www.ubs.com 
2015/08/21 16:40:29 INFO  - Info: Certificate CN: www.ubs.com == Hostname: www.ubs.com 
2015/08/21 16:40:29 INFO  - Info: checking protocol and cipher support 
2015/08/21 16:40:47 INFO  - Info: Compute www.ubs.com protocol and cipher result 
2015/08/21 16:40:47 INFO  - Info: Open connection for getting certificate details. 
2015/08/21 16:40:48 INFO  - Info: dumping subject 
2015/08/21 16:40:48 INFO  - Info: dumping issuer 
2015/08/21 16:40:48 INFO  - Info: dumping alternative names 
2015/08/21 16:40:48 INFO  - Info: dumping hashes/fingerprints 
2015/08/21 16:40:48 INFO  - Info: dumping expiration 
2015/08/21 16:40:48 INFO  - Info: Cheking expiration date 
2015/08/21 16:40:48 INFO  - Info: dumping serial number 
2015/08/21 16:40:48 INFO  - Info: dumping extensions 
2015/08/21 16:40:48 INFO  - Info: dumping CRL distribution points 
2015/08/21 16:40:48 INFO  - Info: checking CRL validity 
2015/08/21 16:40:48 INFO  - Info: dumping extended key usage 
2015/08/21 16:40:48 INFO  - Info: dumping key usage 
2015/08/21 16:40:48 INFO  - Info: dumping netscape cert type 
2015/08/21 16:40:48 INFO  - Info: dumping other info 
2015/08/21 16:40:48 INFO  - Info: dumping pem 
2015/08/21 16:40:48 INFO  - Info: dumping OCSP info 
2015/08/21 16:40:48 INFO  - Info: create OCSP_REQUEST from id(s) 
2015/08/21 16:40:48 INFO  - Info: determine URI of OCSP responder 
2015/08/21 16:40:48 INFO  - Info: Send stringified OCSP_REQUEST with POST to http://EVIntl-ocsp.verisign.com. 
2015/08/21 16:40:48 INFO  - Info: Extract OCSP_RESPONSE. 
2015/08/21 16:40:48 INFO  - Info: Check status of response. 
2015/08/21 16:40:48 INFO  - Info: Extract information from OCSP_RESPONSE for each of the ids. 
2015/08/21 16:40:48 INFO  - Info: Closing connection for getting certificate details. 
2015/08/21 16:40:48 INFO  - Info: Cheking content 
2015/08/21 16:40:48 INFO  - Info: Cheking HTTP Header for server type and HTTPs redirect on HTTP request 
2015/08/21 16:40:49 INFO  - Info: Check if Strict-Transport-Security is implemented 
2015/08/21 16:40:49 INFO ---------------------------------------------------------- 
2015/08/21 16:40:49 INFO  - Info: checking port 443 on host www.postfinance.ch. 
2015/08/21 16:40:49 INFO  - Info: #### connect to host=www.postfinance.ch, port=443 - OK 
2015/08/21 16:40:49 INFO  - Info: Close connection 
2015/08/21 16:40:49 INFO  - Info: checking hostname www.postfinance.ch 
2015/08/21 16:40:49 INFO  - Info: Certificate CN: www.postfinance.ch == Hostname: www.postfinance.ch 
2015/08/21 16:40:49 INFO  - Info: checking protocol and cipher support 
2015/08/21 16:41:07 INFO  - Info: Compute www.postfinance.ch protocol and cipher result 
2015/08/21 16:41:07 INFO  - Info: Open connection for getting certificate details. 
2015/08/21 16:41:07 INFO  - Info: dumping subject 
2015/08/21 16:41:07 INFO  - Info: dumping issuer 
2015/08/21 16:41:07 INFO  - Info: dumping alternative names 
2015/08/21 16:41:07 INFO  - Info: dumping hashes/fingerprints 
2015/08/21 16:41:07 INFO  - Info: dumping expiration 
2015/08/21 16:41:07 INFO  - Info: Cheking expiration date 
2015/08/21 16:41:07 INFO  - Info: dumping serial number 
2015/08/21 16:41:07 INFO  - Info: dumping extensions 
2015/08/21 16:41:07 INFO  - Info: dumping CRL distribution points 
2015/08/21 16:41:07 INFO  - Info: checking CRL validity 
2015/08/21 16:41:07 INFO  - Info: dumping extended key usage 
2015/08/21 16:41:07 INFO  - Info: dumping key usage 
2015/08/21 16:41:07 INFO  - Info: dumping netscape cert type 
2015/08/21 16:41:07 INFO  - Info: dumping other info 
2015/08/21 16:41:07 INFO  - Info: dumping pem 
2015/08/21 16:41:07 INFO  - Info: dumping OCSP info 
2015/08/21 16:41:07 INFO  - Info: create OCSP_REQUEST from id(s) 
2015/08/21 16:41:07 INFO  - Info: determine URI of OCSP responder 
2015/08/21 16:41:07 INFO  - Info: Send stringified OCSP_REQUEST with POST to http://sr.symcd.com. 
2015/08/21 16:41:07 INFO  - Info: Extract OCSP_RESPONSE. 
2015/08/21 16:41:07 INFO  - Info: Check status of response. 
2015/08/21 16:41:07 INFO  - Info: Extract information from OCSP_RESPONSE for each of the ids. 
2015/08/21 16:41:07 INFO  - Info: Closing connection for getting certificate details. 
2015/08/21 16:41:07 INFO  - Info: Cheking content 
2015/08/21 16:41:07 INFO  - Info: Cheking HTTP Header for server type and HTTPs redirect on HTTP request 
2015/08/21 16:41:09 INFO  - Info: Check if Strict-Transport-Security is implemented 
2015/08/21 16:41:09 INFO ---------------------------------------------------------- 
2015/08/21 16:41:09 INFO ############# - Info: End of Audit.pl - Execution time : 41 s ##############

 
2015/08/21 16:43:07 INFO ############## - Info: Start Audit.pl the 21.08.2015 16:43:07 - ############## 
2015/08/21 16:43:07 INFO  - Info: checking Script init. 
2015/08/21 16:43:07 INFO  - Info: checking XML hosts file. 
2015/08/21 16:43:07 INFO  - Info: checking port 443 on host www.ubs.com. 
2015/08/21 16:43:07 INFO  - Info: #### connect to host=www.ubs.com, port=443 - OK 
2015/08/21 16:43:07 INFO  - Info: Close connection 
2015/08/21 16:43:07 INFO  - Info: checking hostname www.ubs.com 
2015/08/21 16:43:08 INFO  - Info: Certificate CN: www.ubs.com == Hostname: www.ubs.com 
2015/08/21 16:43:08 INFO  - Info: checking protocol and cipher support 
2015/08/21 16:43:25 INFO  - Info: Compute www.ubs.com protocol and cipher result 
2015/08/21 16:43:25 INFO  - Info: Open connection for getting certificate details. 
2015/08/21 16:43:26 INFO  - Info: dumping subject 
2015/08/21 16:43:26 INFO  - Info: dumping issuer 
2015/08/21 16:43:26 INFO  - Info: dumping alternative names 
2015/08/21 16:43:26 INFO  - Info: dumping hashes/fingerprints 
2015/08/21 16:43:26 INFO  - Info: dumping expiration 
2015/08/21 16:43:26 INFO  - Info: Cheking expiration date 
2015/08/21 16:43:26 INFO  - Info: dumping serial number 
2015/08/21 16:43:26 INFO  - Info: dumping extensions 
2015/08/21 16:43:26 INFO  - Info: dumping CRL distribution points 
2015/08/21 16:43:26 INFO  - Info: checking CRL validity 
2015/08/21 16:43:26 INFO  - Info: dumping extended key usage 
2015/08/21 16:43:26 INFO  - Info: dumping key usage 
2015/08/21 16:43:26 INFO  - Info: dumping netscape cert type 
2015/08/21 16:43:26 INFO  - Info: dumping other info 
2015/08/21 16:43:26 INFO  - Info: dumping pem 
2015/08/21 16:43:26 INFO  - Info: dumping OCSP info 
2015/08/21 16:43:26 INFO  - Info: create OCSP_REQUEST from id(s) 
2015/08/21 16:43:26 INFO  - Info: determine URI of OCSP responder 
2015/08/21 16:43:26 INFO  - Info: Send stringified OCSP_REQUEST with POST to http://EVIntl-ocsp.verisign.com. 
2015/08/21 16:43:26 INFO  - Info: Extract OCSP_RESPONSE. 
2015/08/21 16:43:26 INFO  - Info: Check status of response. 
2015/08/21 16:43:26 INFO  - Info: Extract information from OCSP_RESPONSE for each of the ids. 
2015/08/21 16:43:26 INFO  - Info: Closing connection for getting certificate details. 
2015/08/21 16:43:26 INFO  - Info: Cheking content 
2015/08/21 16:43:26 INFO  - Info: Cheking HTTP Header for server type and HTTPs redirect on HTTP request 
2015/08/21 16:43:27 INFO  - Info: Check if Strict-Transport-Security is implemented 
2015/08/21 16:43:27 INFO ---------------------------------------------------------- 
2015/08/21 16:43:27 INFO  - Info: checking port 443 on host www.postfinance.ch. 
2015/08/21 16:43:27 INFO  - Info: #### connect to host=www.postfinance.ch, port=443 - OK 
2015/08/21 16:43:27 INFO  - Info: Close connection 
2015/08/21 16:43:27 INFO  - Info: checking hostname www.postfinance.ch 
2015/08/21 16:43:27 INFO  - Info: Certificate CN: www.postfinance.ch == Hostname: www.postfinance.ch 
2015/08/21 16:43:27 INFO  - Info: checking protocol and cipher support 
2015/08/21 16:43:45 INFO  - Info: Compute www.postfinance.ch protocol and cipher result 
2015/08/21 16:43:45 INFO  - Info: Open connection for getting certificate details. 
2015/08/21 16:43:45 INFO  - Info: dumping subject 
2015/08/21 16:43:45 INFO  - Info: dumping issuer 
2015/08/21 16:43:45 INFO  - Info: dumping alternative names 
2015/08/21 16:43:45 INFO  - Info: dumping hashes/fingerprints 
2015/08/21 16:43:45 INFO  - Info: dumping expiration 
2015/08/21 16:43:45 INFO  - Info: Cheking expiration date 
2015/08/21 16:43:45 INFO  - Info: dumping serial number 
2015/08/21 16:43:45 INFO  - Info: dumping extensions 
2015/08/21 16:43:45 INFO  - Info: dumping CRL distribution points 
2015/08/21 16:43:45 INFO  - Info: checking CRL validity 
2015/08/21 16:43:45 INFO  - Info: dumping extended key usage 
2015/08/21 16:43:45 INFO  - Info: dumping key usage 
2015/08/21 16:43:45 INFO  - Info: dumping netscape cert type 
2015/08/21 16:43:45 INFO  - Info: dumping other info 
2015/08/21 16:43:45 INFO  - Info: dumping pem 
2015/08/21 16:43:45 INFO  - Info: dumping OCSP info 
2015/08/21 16:43:45 INFO  - Info: create OCSP_REQUEST from id(s) 
2015/08/21 16:43:45 INFO  - Info: determine URI of OCSP responder 
2015/08/21 16:43:45 INFO  - Info: Send stringified OCSP_REQUEST with POST to http://sr.symcd.com. 
2015/08/21 16:43:45 INFO  - Info: Extract OCSP_RESPONSE. 
2015/08/21 16:43:45 INFO  - Info: Check status of response. 
2015/08/21 16:43:45 INFO  - Info: Extract information from OCSP_RESPONSE for each of the ids. 
2015/08/21 16:43:45 INFO  - Info: Closing connection for getting certificate details. 
2015/08/21 16:43:45 INFO  - Info: Cheking content 
2015/08/21 16:43:45 INFO  - Info: Cheking HTTP Header for server type and HTTPs redirect on HTTP request 
2015/08/21 16:43:46 INFO  - Info: Check if Strict-Transport-Security is implemented 
2015/08/21 16:43:46 INFO ---------------------------------------------------------- 
2015/08/21 16:43:46 INFO ############# - Info: End of Audit.pl - Execution time : 39 s ##############

 
2015/08/21 16:48:35 INFO ############## - Info: Start Audit.pl the 21.08.2015 16:48:35 - ############## 
2015/08/21 16:48:35 INFO  - Info: checking Script init. 
2015/08/21 16:48:35 INFO  - Info: checking XML hosts file. 
2015/08/21 16:48:35 INFO  - Info: checking port 443 on host www.ubs.com. 
2015/08/21 16:48:35 INFO  - Info: #### connect to host=www.ubs.com, port=443 - OK 
2015/08/21 16:48:35 INFO  - Info: Close connection 
2015/08/21 16:48:35 INFO  - Info: checking hostname www.ubs.com 
2015/08/21 16:48:35 INFO  - Info: Certificate CN: www.ubs.com == Hostname: www.ubs.com 
2015/08/21 16:48:35 INFO  - Info: checking protocol and cipher support 
2015/08/21 16:48:54 INFO  - Info: Compute www.ubs.com protocol and cipher result 
2015/08/21 16:48:54 INFO  - Info: Open connection for getting certificate details. 
2015/08/21 16:48:54 INFO  - Info: dumping subject 
2015/08/21 16:48:54 INFO  - Info: dumping issuer 
2015/08/21 16:48:54 INFO  - Info: dumping alternative names 
2015/08/21 16:48:54 INFO  - Info: dumping hashes/fingerprints 
2015/08/21 16:48:54 INFO  - Info: dumping expiration 
2015/08/21 16:48:54 INFO  - Info: Cheking expiration date 
2015/08/21 16:48:54 INFO  - Info: dumping serial number 
2015/08/21 16:48:54 INFO  - Info: dumping extensions 
2015/08/21 16:48:54 INFO  - Info: dumping CRL distribution points 
2015/08/21 16:48:54 INFO  - Info: checking CRL validity 
2015/08/21 16:48:54 INFO  - Info: dumping extended key usage 
2015/08/21 16:48:54 INFO  - Info: dumping key usage 
2015/08/21 16:48:54 INFO  - Info: dumping netscape cert type 
2015/08/21 16:48:54 INFO  - Info: dumping other info 
2015/08/21 16:48:54 INFO  - Info: dumping pem 
2015/08/21 16:48:54 INFO  - Info: dumping OCSP info 
2015/08/21 16:48:54 INFO  - Info: create OCSP_REQUEST from id(s) 
2015/08/21 16:48:54 INFO  - Info: determine URI of OCSP responder 
2015/08/21 16:48:54 INFO  - Info: Send stringified OCSP_REQUEST with POST to http://EVIntl-ocsp.verisign.com. 
2015/08/21 16:48:54 INFO  - Info: Extract OCSP_RESPONSE. 
2015/08/21 16:48:54 INFO  - Info: Check status of response. 
2015/08/21 16:48:54 INFO  - Info: Extract information from OCSP_RESPONSE for each of the ids. 
2015/08/21 16:48:54 INFO  - Info: Closing connection for getting certificate details. 
2015/08/21 16:48:54 INFO  - Info: Cheking content 
2015/08/21 16:48:54 INFO  - Info: Cheking HTTP Header for server type and HTTPs redirect on HTTP request 
2015/08/21 16:48:55 INFO  - Info: Check if Strict-Transport-Security is implemented 
2015/08/21 16:48:55 INFO ---------------------------------------------------------- 
2015/08/21 16:48:55 INFO  - Info: checking port 443 on host www.postfinance.ch. 
2015/08/21 16:48:55 INFO  - Info: #### connect to host=www.postfinance.ch, port=443 - OK 
2015/08/21 16:48:55 INFO  - Info: Close connection 
2015/08/21 16:48:55 INFO  - Info: checking hostname www.postfinance.ch 
2015/08/21 16:48:55 INFO  - Info: Certificate CN: www.postfinance.ch == Hostname: www.postfinance.ch 
2015/08/21 16:48:55 INFO  - Info: checking protocol and cipher support 
2015/08/21 16:49:13 INFO  - Info: Compute www.postfinance.ch protocol and cipher result 
2015/08/21 16:49:13 INFO  - Info: Open connection for getting certificate details. 
2015/08/21 16:49:13 INFO  - Info: dumping subject 
2015/08/21 16:49:13 INFO  - Info: dumping issuer 
2015/08/21 16:49:13 INFO  - Info: dumping alternative names 
2015/08/21 16:49:13 INFO  - Info: dumping hashes/fingerprints 
2015/08/21 16:49:13 INFO  - Info: dumping expiration 
2015/08/21 16:49:13 INFO  - Info: Cheking expiration date 
2015/08/21 16:49:13 INFO  - Info: dumping serial number 
2015/08/21 16:49:13 INFO  - Info: dumping extensions 
2015/08/21 16:49:13 INFO  - Info: dumping CRL distribution points 
2015/08/21 16:49:13 INFO  - Info: checking CRL validity 
2015/08/21 16:49:13 INFO  - Info: dumping extended key usage 
2015/08/21 16:49:13 INFO  - Info: dumping key usage 
2015/08/21 16:49:13 INFO  - Info: dumping netscape cert type 
2015/08/21 16:49:13 INFO  - Info: dumping other info 
2015/08/21 16:49:13 INFO  - Info: dumping pem 
2015/08/21 16:49:13 INFO  - Info: dumping OCSP info 
2015/08/21 16:49:13 INFO  - Info: create OCSP_REQUEST from id(s) 
2015/08/21 16:49:13 INFO  - Info: determine URI of OCSP responder 
2015/08/21 16:49:13 INFO  - Info: Send stringified OCSP_REQUEST with POST to http://sr.symcd.com. 
2015/08/21 16:49:13 INFO  - Info: Extract OCSP_RESPONSE. 
2015/08/21 16:49:13 INFO  - Info: Check status of response. 
2015/08/21 16:49:13 INFO  - Info: Extract information from OCSP_RESPONSE for each of the ids. 
2015/08/21 16:49:13 INFO  - Info: Closing connection for getting certificate details. 
2015/08/21 16:49:14 INFO  - Info: Cheking content 
2015/08/21 16:49:14 INFO  - Info: Cheking HTTP Header for server type and HTTPs redirect on HTTP request 
2015/08/21 16:49:15 INFO  - Info: Check if Strict-Transport-Security is implemented 
2015/08/21 16:49:15 INFO ---------------------------------------------------------- 
2015/08/21 16:49:15 INFO ############# - Info: End of Audit.pl - Execution time : 40 s ##############

 
2015/08/21 16:51:32 INFO ############## - Info: Start Audit.pl the 21.08.2015 16:51:32 - ############## 
2015/08/21 16:51:32 INFO  - Info: checking Script init. 
2015/08/21 16:51:32 INFO  - Info: checking XML hosts file. 
2015/08/21 16:51:32 INFO  - Info: checking port 443 on host www.ubs.com. 
2015/08/21 16:51:32 INFO  - Info: #### connect to host=www.ubs.com, port=443 - OK 
2015/08/21 16:51:32 INFO  - Info: Close connection 
2015/08/21 16:51:32 INFO  - Info: checking hostname www.ubs.com 
2015/08/21 16:51:32 INFO  - Info: Certificate CN: www.ubs.com == Hostname: www.ubs.com 
2015/08/21 16:51:32 INFO  - Info: checking protocol and cipher support 
2015/08/21 16:51:51 INFO  - Info: Compute www.ubs.com protocol and cipher result 
2015/08/21 16:51:51 INFO  - Info: Open connection for getting certificate details. 
2015/08/21 16:51:51 INFO  - Info: dumping subject 
2015/08/21 16:51:51 INFO  - Info: dumping issuer 
2015/08/21 16:51:51 INFO  - Info: dumping alternative names 
2015/08/21 16:51:51 INFO  - Info: dumping hashes/fingerprints 
2015/08/21 16:51:51 INFO  - Info: dumping expiration 
2015/08/21 16:51:51 INFO  - Info: Cheking expiration date 
2015/08/21 16:51:51 INFO  - Info: dumping serial number 
2015/08/21 16:51:51 INFO  - Info: dumping extensions 
2015/08/21 16:51:51 INFO  - Info: dumping CRL distribution points 
2015/08/21 16:51:51 INFO  - Info: checking CRL validity 
2015/08/21 16:51:51 INFO  - Info: dumping extended key usage 
2015/08/21 16:51:51 INFO  - Info: dumping key usage 
2015/08/21 16:51:51 INFO  - Info: dumping netscape cert type 
2015/08/21 16:51:51 INFO  - Info: dumping other info 
2015/08/21 16:51:51 INFO  - Info: dumping pem 
2015/08/21 16:51:51 INFO  - Info: dumping OCSP info 
2015/08/21 16:51:51 INFO  - Info: create OCSP_REQUEST from id(s) 
2015/08/21 16:51:51 INFO  - Info: determine URI of OCSP responder 
2015/08/21 16:51:51 INFO  - Info: Send stringified OCSP_REQUEST with POST to http://EVIntl-ocsp.verisign.com. 
2015/08/21 16:51:51 INFO  - Info: Extract OCSP_RESPONSE. 
2015/08/21 16:51:51 INFO  - Info: Check status of response. 
2015/08/21 16:51:51 INFO  - Info: Extract information from OCSP_RESPONSE for each of the ids. 
2015/08/21 16:51:51 INFO  - Info: Closing connection for getting certificate details. 
2015/08/21 16:51:51 INFO  - Info: Cheking content 
2015/08/21 16:51:51 INFO  - Info: Cheking HTTP Header for server type and HTTPs redirect on HTTP request 
2015/08/21 16:51:52 INFO  - Info: Check if Strict-Transport-Security is implemented 
2015/08/21 16:51:52 INFO ---------------------------------------------------------- 
2015/08/21 16:51:52 INFO  - Info: checking port 443 on host www.postfinance.ch. 
2015/08/21 16:51:52 INFO  - Info: #### connect to host=www.postfinance.ch, port=443 - OK 
2015/08/21 16:51:52 INFO  - Info: Close connection 
2015/08/21 16:51:52 INFO  - Info: checking hostname www.postfinance.ch 
2015/08/21 16:51:52 INFO  - Info: Certificate CN: www.postfinance.ch == Hostname: www.postfinance.ch 
2015/08/21 16:51:52 INFO  - Info: checking protocol and cipher support 
2015/08/21 16:52:10 INFO  - Info: Compute www.postfinance.ch protocol and cipher result 
2015/08/21 16:52:10 INFO  - Info: Open connection for getting certificate details. 
2015/08/21 16:52:10 INFO  - Info: dumping subject 
2015/08/21 16:52:10 INFO  - Info: dumping issuer 
2015/08/21 16:52:10 INFO  - Info: dumping alternative names 
2015/08/21 16:52:10 INFO  - Info: dumping hashes/fingerprints 
2015/08/21 16:52:10 INFO  - Info: dumping expiration 
2015/08/21 16:52:10 INFO  - Info: Cheking expiration date 
2015/08/21 16:52:10 INFO  - Info: dumping serial number 
2015/08/21 16:52:10 INFO  - Info: dumping extensions 
2015/08/21 16:52:10 INFO  - Info: dumping CRL distribution points 
2015/08/21 16:52:10 INFO  - Info: checking CRL validity 
2015/08/21 16:52:10 INFO  - Info: dumping extended key usage 
2015/08/21 16:52:10 INFO  - Info: dumping key usage 
2015/08/21 16:52:10 INFO  - Info: dumping netscape cert type 
2015/08/21 16:52:10 INFO  - Info: dumping other info 
2015/08/21 16:52:10 INFO  - Info: dumping pem 
2015/08/21 16:52:10 INFO  - Info: dumping OCSP info 
2015/08/21 16:52:10 INFO  - Info: create OCSP_REQUEST from id(s) 
2015/08/21 16:52:10 INFO  - Info: determine URI of OCSP responder 
2015/08/21 16:52:10 INFO  - Info: Send stringified OCSP_REQUEST with POST to http://sr.symcd.com. 
2015/08/21 16:52:10 INFO  - Info: Extract OCSP_RESPONSE. 
2015/08/21 16:52:10 INFO  - Info: Check status of response. 
2015/08/21 16:52:10 INFO  - Info: Extract information from OCSP_RESPONSE for each of the ids. 
2015/08/21 16:52:10 INFO  - Info: Closing connection for getting certificate details. 
2015/08/21 16:52:10 INFO  - Info: Cheking content 
2015/08/21 16:52:10 INFO  - Info: Cheking HTTP Header for server type and HTTPs redirect on HTTP request 
2015/08/21 16:52:12 INFO  - Info: Check if Strict-Transport-Security is implemented 
2015/08/21 16:52:12 INFO ---------------------------------------------------------- 
2015/08/21 16:52:13 INFO ############# - Info: End of Audit.pl - Execution time : 40 s ##############

 
